<?xml version="1.0" encoding="UTF-8"?>
<!-- Generated by org.testng.reporters.JUnitReportReporter -->
<testsuite hostname="ae1c-q-dv-22-v" name="com.browserstack.SingleTest" tests="1" failures="0" timestamp="18 Sep 2017 10:27:10 GMT" time="22.295" errors="0">
  <testcase name="test" time="22.295" classname="com.browserstack.SingleTest"/>
</testsuite> <!-- com.browserstack.SingleTest -->
